<?xml version="1.0" encoding="UTF-8"?>
<!-- Generated by org.testng.reporters.JUnitXMLReporter -->
<testsuite hostname="venkat-PC" ignored="8" name="Test" tests="3" failures="1" timestamp="07 Apr 2018 16:49:20 GMT" time="101.716" errors="0">
  <testcase name="createLead" time="1.866" classname="week2.CreateLeads">
    <failure type="org.testng.internal.reflect.MethodMatcherException" message="
Data provider mismatch
Method: createLead([])
Arguments: [(java.lang.String) ABC company,(java.lang.String) Vinothini,(java.lang.String) Kandasamy]">
      <![CDATA[org.testng.internal.reflect.MethodMatcherException: 
Data provider mismatch
Method: createLead([])
Arguments: [(java.lang.String) ABC company,(java.lang.String) Vinothini,(java.lang.String) Kandasamy]
... Removed 20 stack frames]]>
    </failure>
  </testcase> <!-- createLead -->
  <testcase name="edit" time="16.738" classname="week2.EditLeadSeM"/>
  <testcase name="merge" time="24.812" classname="week2.MergeLeadSeM"/>
  <testcase name="@AfterSuite aftersuite" time="0.0" classname="week2.LearnAnnotations">
    <ignored/>
  </testcase> <!-- @AfterSuite aftersuite -->
  <testcase name="@AfterSuite aftersuite" time="0.0" classname="week2.LearnAnnotations">
    <ignored/>
  </testcase> <!-- @AfterSuite aftersuite -->
  <testcase name="@BeforeSuite beforesuite" time="0.0" classname="week2.LearnAnnotations">
    <ignored/>
  </testcase> <!-- @BeforeSuite beforesuite -->
  <testcase name="@BeforeSuite beforesuite" time="0.0" classname="week2.LearnAnnotations">
    <ignored/>
  </testcase> <!-- @BeforeSuite beforesuite -->
  <testcase name="@AfterTest afterTest" time="0.0" classname="week2.LearnAnnotations">
    <ignored/>
  </testcase> <!-- @AfterTest afterTest -->
  <testcase name="@AfterTest afterTest" time="0.0" classname="week2.LearnAnnotations">
    <ignored/>
  </testcase> <!-- @AfterTest afterTest -->
  <testcase name="@BeforeTest beforeTest" time="0.0" classname="week2.LearnAnnotations">
    <ignored/>
  </testcase> <!-- @BeforeTest beforeTest -->
  <testcase name="@BeforeTest beforeTest" time="0.0" classname="week2.LearnAnnotations">
    <ignored/>
  </testcase> <!-- @BeforeTest beforeTest -->
</testsuite> <!-- Test -->
