<?xml version="1.0" encoding="UTF-8"?>
<!-- Generated by org.testng.reporters.JUnitXMLReporter -->
<testsuite hostname="venkat-PC" ignored="4" name="test1" tests="2" failures="0" timestamp="07 Apr 2018 16:50:36 GMT" time="73.908" errors="0">
  <testcase name="duplicate" time="31.524" classname="week2.DuplicateSeM"/>
  <testcase name="delete" time="24.067" classname="week2.DeleteSeM"/>
  <testcase name="@AfterSuite aftersuite" time="0.0" classname="week2.LearnAnnotations">
    <ignored/>
  </testcase> <!-- @AfterSuite aftersuite -->
  <testcase name="@BeforeSuite beforesuite" time="0.0" classname="week2.LearnAnnotations">
    <ignored/>
  </testcase> <!-- @BeforeSuite beforesuite -->
  <testcase name="@AfterTest afterTest" time="0.0" classname="week2.LearnAnnotations">
    <ignored/>
  </testcase> <!-- @AfterTest afterTest -->
  <testcase name="@BeforeTest beforeTest" time="0.0" classname="week2.LearnAnnotations">
    <ignored/>
  </testcase> <!-- @BeforeTest beforeTest -->
</testsuite> <!-- test1 -->
