<?xml version="1.0" encoding="UTF-8"?>
<testng-results skipped="0" failed="0" ignored="0" total="1" passed="1">
  <reporter-output>
  </reporter-output>
  <suite name="Default suite" duration-ms="66" started-at="2018-04-22T04:35:05Z" finished-at="2018-04-22T04:35:05Z">
    <groups>
    </groups>
    <test name="Default test" duration-ms="66" started-at="2018-04-22T04:35:05Z" finished-at="2018-04-22T04:35:05Z">
      <class name="strings.UpdateString">
        <test-method status="PASS" signature="update()[pri:0, instance:strings.UpdateString@25b2fe]" name="update" duration-ms="17" started-at="2018-04-22T04:35:05Z" finished-at="2018-04-22T04:35:05Z">
          <reporter-output>
          </reporter-output>
        </test-method> <!-- update -->
      </class> <!-- strings.UpdateString -->
    </test> <!-- Default test -->
  </suite> <!-- Default suite -->
</testng-results>
